<?xml version="1.0" encoding="UTF-8"?>
<!-- Generated by org.testng.reporters.JUnitReportReporter -->
<testsuite hostname="ANT2W10BLR" name="zanmi.hybrid.testscripts.testcases.module2.Module2TestCaseSet1" tests="2" failures="0" timestamp="13 Oct 2017 03:12:48 GMT" time="0.001" errors="0">
  <testcase name="TestCase1" time="0.000" classname="zanmi.hybrid.testscripts.testcases.module2.Module2TestCaseSet1"/>
  <testcase name="TestCase2" time="0.001" classname="zanmi.hybrid.testscripts.testcases.module2.Module2TestCaseSet1"/>
</testsuite> <!-- zanmi.hybrid.testscripts.testcases.module2.Module2TestCaseSet1 -->
