<?xml version="1.0" encoding="UTF-8"?>
<!-- Generated by org.testng.reporters.JUnitReportReporter -->
<testsuite hostname="ANT2W10BLR" name="zanmi.hybrid.pratice.testTestNG.Module2" tests="2" failures="0" timestamp="13 Oct 2017 02:22:34 GMT" time="0.000" errors="0">
  <testcase name="TestCase1" time="0.000" classname="zanmi.hybrid.pratice.testTestNG.Module2"/>
  <testcase name="TestCase2" time="0.000" classname="zanmi.hybrid.pratice.testTestNG.Module2"/>
</testsuite> <!-- zanmi.hybrid.pratice.testTestNG.Module2 -->
